app/build/outputs/logs/manifest-merger-release-report.txt
-- Merging decision tree log ---
manifest
ADDED from src\main\AndroidManifest.xml:2:1-334:12
	package
		ADDED from src\main\AndroidManifest.xml:3:5-39
		INJECTED from src\main\AndroidManifest.xml
		INJECTED from src\main\AndroidManifest.xml
	android:versionName
		ADDED from src\main\AndroidManifest.xml:6:5-30
		INJECTED from src\main\AndroidManifest.xml
		INJECTED from src\main\AndroidManifest.xml
	android:versionCode
		ADDED from src\main\AndroidManifest.xml:5:5-29
		INJECTED from src\main\AndroidManifest.xml
		INJECTED from src\main\AndroidManifest.xml
	xmlns:android
		ADDED from src\main\AndroidManifest.xml:2:11-69
	android:installLocation
		ADDED from src\main\AndroidManifest.xml:4:5-45
uses-sdk
ADDED from src\main\AndroidManifest.xml:8:5-10:41
MERGED from [com.google.android.gms:play-services-location:9.8.0] AndroidManifest.xml:3:5-42
MERGED from [com.google.android.gms:play-services-maps:9.8.0] AndroidManifest.xml:23:5-42
MERGED from [com.android.support:cardview-v7:24.2.1] AndroidManifest.xml:20:5-43
MERGED from [com.google.android.gms:play-services-appindexing:9.8.0] AndroidManifest.xml:17:5-42
MERGED from [com.google.android.gms:play-services-base:9.8.0] AndroidManifest.xml:17:5-42
MERGED from [com.google.firebase:firebase-common:9.8.0] AndroidManifest.xml:3:5-42
MERGED from [com.google.android.gms:play-services-tasks:9.8.0] AndroidManifest.xml:3:5-42
MERGED from [com.google.android.gms:play-services-basement:9.8.0] AndroidManifest.xml:17:5-42
MERGED from [com.android.support:design:22.2.1] AndroidManifest.xml:20:5-43
MERGED from [com.android.support:appcompat-v7:22.2.1] AndroidManifest.xml:20:5-43
MERGED from [com.android.support:support-v4:24.0.0] AndroidManifest.xml:21:5-23:54
	tools:overrideLibrary
		ADDED from [com.android.support:support-v4:24.0.0] AndroidManifest.xml:23:9-51
	android:targetSdkVersion
		ADDED from src\main\AndroidManifest.xml:10:9-38
		INJECTED from src\main\AndroidManifest.xml
		INJECTED from src\main\AndroidManifest.xml
	android:minSdkVersion
		ADDED from src\main\AndroidManifest.xml:9:9-34
		INJECTED from src\main\AndroidManifest.xml
		INJECTED from src\main\AndroidManifest.xml
uses-permission#android.permission.ACCESS_NETWORK_STATE
ADDED from src\main\AndroidManifest.xml:12:5-79
MERGED from [com.google.android.gms:play-services-maps:9.8.0] AndroidManifest.xml:19:5-78
	android:name
		ADDED from src\main\AndroidManifest.xml:12:22-76
uses-permission#android.permission.ACCESS_COARSE_LOCATION
ADDED from src\main\AndroidManifest.xml:13:5-81
	android:name
		ADDED from src\main\AndroidManifest.xml:13:22-78
uses-permission#android.permission.ACCESS_FINE_LOCATION
ADDED from src\main\AndroidManifest.xml:14:5-79
	android:name
		ADDED from src\main\AndroidManifest.xml:14:22-76
uses-permission#android.permission.INTERNET
ADDED from src\main\AndroidManifest.xml:15:5-67
MERGED from [com.google.android.gms:play-services-maps:9.8.0] AndroidManifest.xml:20:5-66
	android:name
		ADDED from src\main\AndroidManifest.xml:15:22-64
uses-permission#android.permission.WRITE_EXTERNAL_STORAGE
ADDED from src\main\AndroidManifest.xml:16:5-81
	android:name
		ADDED from src\main\AndroidManifest.xml:16:22-78
uses-permission#android.permission.WRITE_SYNC_SETTINGS
ADDED from src\main\AndroidManifest.xml:17:5-78
	android:name
		ADDED from src\main\AndroidManifest.xml:17:22-75
uses-permission#android.permission.WAKE_LOCK
ADDED from src\main\AndroidManifest.xml:18:5-68
	android:name
		ADDED from src\main\AndroidManifest.xml:18:22-65
uses-permission#android.permission.READ_PHONE_STATE
ADDED from src\main\AndroidManifest.xml:19:5-91
	android:name
		ADDED from src\main\AndroidManifest.xml:19:22-72
uses-permission#android.permission.READ_EXTERNAL_STORAGE
ADDED from src\main\AndroidManifest.xml:20:5-80
	android:name
		ADDED from src\main\AndroidManifest.xml:20:22-77
application
ADDED from src\main\AndroidManifest.xml:22:5-332:19
MERGED from [com.google.android.gms:play-services-location:9.8.0] AndroidManifest.xml:4:5-19
MERGED from [com.google.android.gms:play-services-maps:9.8.0] AndroidManifest.xml:24:5-19
MERGED from [com.android.support:cardview-v7:24.2.1] AndroidManifest.xml:22:5-20
MERGED from [com.google.android.gms:play-services-appindexing:9.8.0] AndroidManifest.xml:18:5-19
MERGED from [com.google.android.gms:play-services-base:9.8.0] AndroidManifest.xml:18:5-20:19
MERGED from [com.google.firebase:firebase-common:9.8.0] AndroidManifest.xml:4:5-7:19
MERGED from [com.google.android.gms:play-services-tasks:9.8.0] AndroidManifest.xml:4:5-19
MERGED from [com.google.android.gms:play-services-basement:9.8.0] AndroidManifest.xml:19:5-21:19
MERGED from [com.android.support:design:22.2.1] AndroidManifest.xml:22:5-20
MERGED from [com.android.support:appcompat-v7:22.2.1] AndroidManifest.xml:22:5-20
MERGED from [com.android.support:support-v4:24.0.0] AndroidManifest.xml:25:5-20
	android:label
		ADDED from src\main\AndroidManifest.xml:26:9-41
	android:allowBackup
		ADDED from src\main\AndroidManifest.xml:24:9-35
	android:icon
		ADDED from src\main\AndroidManifest.xml:25:9-38
	android:theme
		ADDED from src\main\AndroidManifest.xml:27:9-40
	android:name
		ADDED from src\main\AndroidManifest.xml:23:9-61
activity#com.cpm.parinaampepsico.LoginActivity
ADDED from src\main\AndroidManifest.xml:28:9-37:20
	android:screenOrientation
		ADDED from src\main\AndroidManifest.xml:31:13-50
	android:label
		ADDED from src\main\AndroidManifest.xml:30:13-45
	android:name
		ADDED from src\main\AndroidManifest.xml:29:13-65
intent-filter#android.intent.action.MAIN+android.intent.category.LAUNCHER
ADDED from src\main\AndroidManifest.xml:32:13-36:29
action#android.intent.action.MAIN
ADDED from src\main\AndroidManifest.xml:33:17-69
	android:name
		ADDED from src\main\AndroidManifest.xml:33:25-66
category#android.intent.category.LAUNCHER
ADDED from src\main\AndroidManifest.xml:35:17-77
	android:name
		ADDED from src\main\AndroidManifest.xml:35:27-74
activity#com.cpm.parinaampepsico.MainMenuActivity
ADDED from src\main\AndroidManifest.xml:38:9-41:53
	android:screenOrientation
		ADDED from src\main\AndroidManifest.xml:41:13-50
	android:configChanges
		ADDED from src\main\AndroidManifest.xml:40:13-74
	android:name
		ADDED from src\main\AndroidManifest.xml:39:13-68
activity#com.cpm.dailyEntry.Start_Here
ADDED from src\main\AndroidManifest.xml:42:9-45:53
	android:screenOrientation
		ADDED from src\main\AndroidManifest.xml:45:13-50
	android:configChanges
		ADDED from src\main\AndroidManifest.xml:44:13-74
	android:name
		ADDED from src\main\AndroidManifest.xml:43:13-57
activity#com.cpm.dailyEntry.kpi_Report_Screen
ADDED from src\main\AndroidManifest.xml:46:9-49:53
	android:screenOrientation
		ADDED from src\main\AndroidManifest.xml:49:13-50
	android:configChanges
		ADDED from src\main\AndroidManifest.xml:48:13-74
	android:name
		ADDED from src\main\AndroidManifest.xml:47:13-64
activity#com.cpm.dailyEntry.StorelistActivity
ADDED from src\main\AndroidManifest.xml:50:9-54:62
	android:screenOrientation
		ADDED from src\main\AndroidManifest.xml:54:13-50
	android:label
		ADDED from src\main\AndroidManifest.xml:53:13-61
	android:configChanges
		ADDED from src\main\AndroidManifest.xml:52:13-74
	android:name
		ADDED from src\main\AndroidManifest.xml:51:13-64
activity#com.cpm.dailyEntry.SkuOtherActivity
ADDED from src\main\AndroidManifest.xml:55:9-59:62
	android:screenOrientation
		ADDED from src\main\AndroidManifest.xml:59:13-50
	android:label
		ADDED from src\main\AndroidManifest.xml:58:13-61
	android:configChanges
		ADDED from src\main\AndroidManifest.xml:57:13-74
	android:name
		ADDED from src\main\AndroidManifest.xml:56:13-63
activity#com.cpm.upload.CheckOutUploadActivity
ADDED from src\main\AndroidManifest.xml:60:9-64:62
	android:screenOrientation
		ADDED from src\main\AndroidManifest.xml:64:13-50
	android:label
		ADDED from src\main\AndroidManifest.xml:63:13-61
	android:configChanges
		ADDED from src\main\AndroidManifest.xml:62:13-74
	android:name
		ADDED from src\main\AndroidManifest.xml:61:13-65
activity#com.cpm.dailyEntry.CheckOutStoreActivity
ADDED from src\main\AndroidManifest.xml:65:9-69:62
	android:screenOrientation
		ADDED from src\main\AndroidManifest.xml:69:13-50
	android:label
		ADDED from src\main\AndroidManifest.xml:68:13-61
	android:configChanges
		ADDED from src\main\AndroidManifest.xml:67:13-74
	android:name
		ADDED from src\main\AndroidManifest.xml:66:13-68
activity#com.cpm.dailyEntry.TargetViewScreen
ADDED from src\main\AndroidManifest.xml:70:9-74:62
	android:screenOrientation
		ADDED from src\main\AndroidManifest.xml:74:13-50
	android:label
		ADDED from src\main\AndroidManifest.xml:73:13-61
	android:configChanges
		ADDED from src\main\AndroidManifest.xml:72:13-74
	android:name
		ADDED from src\main\AndroidManifest.xml:71:13-63
activity#com.cpm.dailyEntry.SodSkuOthersViewList
ADDED from src\main\AndroidManifest.xml:75:9-79:62
	android:screenOrientation
		ADDED from src\main\AndroidManifest.xml:79:13-50
	android:label
		ADDED from src\main\AndroidManifest.xml:78:13-61
	android:configChanges
		ADDED from src\main\AndroidManifest.xml:77:13-74
	android:name
		ADDED from src\main\AndroidManifest.xml:76:13-67
activity#com.cpm.dailyEntry.PromotinTabActivity
ADDED from src\main\AndroidManifest.xml:80:9-85:77
	android:screenOrientation
		ADDED from src\main\AndroidManifest.xml:84:13-50
	android:label
		ADDED from src\main\AndroidManifest.xml:83:13-61
	android:windowSoftInputMode
		ADDED from src\main\AndroidManifest.xml:85:13-65
	android:configChanges
		ADDED from src\main\AndroidManifest.xml:82:13-102
	android:name
		ADDED from src\main\AndroidManifest.xml:81:13-66
activity#com.cpm.dailyEntry.SodSkuViewList
ADDED from src\main\AndroidManifest.xml:86:9-90:62
	android:screenOrientation
		ADDED from src\main\AndroidManifest.xml:90:13-50
	android:label
		ADDED from src\main\AndroidManifest.xml:89:13-61
	android:configChanges
		ADDED from src\main\AndroidManifest.xml:88:13-74
	android:name
		ADDED from src\main\AndroidManifest.xml:87:13-61
activity#com.cpm.dailyEntry.PromotinPepsiActivity
ADDED from src\main\AndroidManifest.xml:91:9-96:77
	android:screenOrientation
		ADDED from src\main\AndroidManifest.xml:95:13-50
	android:label
		ADDED from src\main\AndroidManifest.xml:94:13-61
	android:windowSoftInputMode
		ADDED from src\main\AndroidManifest.xml:96:13-65
	android:configChanges
		ADDED from src\main\AndroidManifest.xml:93:13-74
	android:name
		ADDED from src\main\AndroidManifest.xml:92:13-68
activity#com.cpm.dailyEntry.PromotinCompetitorActivity
ADDED from src\main\AndroidManifest.xml:97:9-102:77
	android:screenOrientation
		ADDED from src\main\AndroidManifest.xml:101:13-50
	android:label
		ADDED from src\main\AndroidManifest.xml:100:13-61
	android:windowSoftInputMode
		ADDED from src\main\AndroidManifest.xml:102:13-65
	android:configChanges
		ADDED from src\main\AndroidManifest.xml:99:13-74
	android:name
		ADDED from src\main\AndroidManifest.xml:98:13-73
activity#com.cpm.dailyEntry.NonWorkingActivity
ADDED from src\main\AndroidManifest.xml:103:9-107:62
	android:screenOrientation
		ADDED from src\main\AndroidManifest.xml:107:13-50
	android:label
		ADDED from src\main\AndroidManifest.xml:106:13-61
	android:configChanges
		ADDED from src\main\AndroidManifest.xml:105:13-74
	android:name
		ADDED from src\main\AndroidManifest.xml:104:13-65
activity#com.cpm.dailyEntry.StoreVisitedActivity
ADDED from src\main\AndroidManifest.xml:108:9-112:62
	android:screenOrientation
		ADDED from src\main\AndroidManifest.xml:112:13-50
	android:label
		ADDED from src\main\AndroidManifest.xml:111:13-61
	android:configChanges
		ADDED from src\main\AndroidManifest.xml:110:13-74
	android:name
		ADDED from src\main\AndroidManifest.xml:109:13-67
activity#com.cpm.dailyEntry.SodTempOtherActivity
ADDED from src\main\AndroidManifest.xml:113:9-117:62
	android:screenOrientation
		ADDED from src\main\AndroidManifest.xml:117:13-50
	android:label
		ADDED from src\main\AndroidManifest.xml:116:13-61
	android:configChanges
		ADDED from src\main\AndroidManifest.xml:115:13-74
	android:name
		ADDED from src\main\AndroidManifest.xml:114:13-67
activity#com.cpm.dailyEntry.DisplayPepsicoAddSKU
ADDED from src\main\AndroidManifest.xml:118:9-122:62
	android:screenOrientation
		ADDED from src\main\AndroidManifest.xml:122:13-50
	android:label
		ADDED from src\main\AndroidManifest.xml:121:13-61
	android:configChanges
		ADDED from src\main\AndroidManifest.xml:120:13-74
	android:name
		ADDED from src\main\AndroidManifest.xml:119:13-67
activity#com.cpm.dailyEntry.ImagePepsicoActivity
ADDED from src\main\AndroidManifest.xml:123:9-127:62
	android:screenOrientation
		ADDED from src\main\AndroidManifest.xml:127:13-50
	android:label
		ADDED from src\main\AndroidManifest.xml:126:13-61
	android:configChanges
		ADDED from src\main\AndroidManifest.xml:125:13-74
	android:name
		ADDED from src\main\AndroidManifest.xml:124:13-67
activity#com.cpm.dailyEntry.ImageAssetsActivity
ADDED from src\main\AndroidManifest.xml:128:9-132:62
	android:screenOrientation
		ADDED from src\main\AndroidManifest.xml:132:13-50
	android:label
		ADDED from src\main\AndroidManifest.xml:131:13-61
	android:configChanges
		ADDED from src\main\AndroidManifest.xml:130:13-74
	android:name
		ADDED from src\main\AndroidManifest.xml:129:13-66
activity#com.cpm.dailyEntry.SkuCompetitorActivity
ADDED from src\main\AndroidManifest.xml:133:9-137:62
	android:screenOrientation
		ADDED from src\main\AndroidManifest.xml:137:13-50
	android:label
		ADDED from src\main\AndroidManifest.xml:136:13-61
	android:configChanges
		ADDED from src\main\AndroidManifest.xml:135:13-74
	android:name
		ADDED from src\main\AndroidManifest.xml:134:13-68
activity#com.cpm.dailyEntry.EditImagePepsicoActivity
ADDED from src\main\AndroidManifest.xml:138:9-142:62
	android:screenOrientation
		ADDED from src\main\AndroidManifest.xml:142:13-50
	android:label
		ADDED from src\main\AndroidManifest.xml:141:13-61
	android:configChanges
		ADDED from src\main\AndroidManifest.xml:140:13-74
	android:name
		ADDED from src\main\AndroidManifest.xml:139:13-71
activity#com.cpm.dailyEntry.EditSkuCompetitorActivity
ADDED from src\main\AndroidManifest.xml:143:9-147:62
	android:screenOrientation
		ADDED from src\main\AndroidManifest.xml:147:13-50
	android:label
		ADDED from src\main\AndroidManifest.xml:146:13-61
	android:configChanges
		ADDED from src\main\AndroidManifest.xml:145:13-74
	android:name
		ADDED from src\main\AndroidManifest.xml:144:13-72
activity#com.cpm.dailyEntry.EditImagePromotionActivity
ADDED from src\main\AndroidManifest.xml:148:9-152:77
	android:screenOrientation
		ADDED from src\main\AndroidManifest.xml:150:13-50
	android:windowSoftInputMode
		ADDED from src\main\AndroidManifest.xml:152:13-65
	android:theme
		ADDED from src\main\AndroidManifest.xml:151:13-73
	android:name
		ADDED from src\main\AndroidManifest.xml:149:13-73
activity#com.cpm.dailyEntry.EditSkuList
ADDED from src\main\AndroidManifest.xml:153:9-157:62
	android:screenOrientation
		ADDED from src\main\AndroidManifest.xml:157:13-50
	android:label
		ADDED from src\main\AndroidManifest.xml:156:13-61
	android:configChanges
		ADDED from src\main\AndroidManifest.xml:155:13-74
	android:name
		ADDED from src\main\AndroidManifest.xml:154:13-58
activity#com.cpm.dailyEntry.DisplayPaid
ADDED from src\main\AndroidManifest.xml:158:9-163:67
	android:screenOrientation
		ADDED from src\main\AndroidManifest.xml:162:13-50
	android:label
		ADDED from src\main\AndroidManifest.xml:161:13-61
	android:windowSoftInputMode
		ADDED from src\main\AndroidManifest.xml:163:13-55
	android:configChanges
		ADDED from src\main\AndroidManifest.xml:160:13-74
	android:name
		ADDED from src\main\AndroidManifest.xml:159:13-58
activity#com.cpm.dailyEntry.DisplayPaidDetail
ADDED from src\main\AndroidManifest.xml:164:9-168:62
	android:screenOrientation
		ADDED from src\main\AndroidManifest.xml:168:13-50
	android:label
		ADDED from src\main\AndroidManifest.xml:167:13-61
	android:configChanges
		ADDED from src\main\AndroidManifest.xml:166:13-74
	android:name
		ADDED from src\main\AndroidManifest.xml:165:13-64
activity#com.cpm.dailyEntry.EditSkuTabActivity
ADDED from src\main\AndroidManifest.xml:169:9-173:62
	android:screenOrientation
		ADDED from src\main\AndroidManifest.xml:173:13-50
	android:label
		ADDED from src\main\AndroidManifest.xml:172:13-61
	android:configChanges
		ADDED from src\main\AndroidManifest.xml:171:13-74
	android:name
		ADDED from src\main\AndroidManifest.xml:170:13-65
activity#com.cpm.dailyEntry.EditSkuOtherActivity
ADDED from src\main\AndroidManifest.xml:174:9-178:62
	android:screenOrientation
		ADDED from src\main\AndroidManifest.xml:178:13-50
	android:label
		ADDED from src\main\AndroidManifest.xml:177:13-61
	android:configChanges
		ADDED from src\main\AndroidManifest.xml:176:13-74
	android:name
		ADDED from src\main\AndroidManifest.xml:175:13-67
activity#com.cpm.dailyEntry.EditAssetsSkuActivity
ADDED from src\main\AndroidManifest.xml:179:9-183:62
	android:screenOrientation
		ADDED from src\main\AndroidManifest.xml:183:13-50
	android:label
		ADDED from src\main\AndroidManifest.xml:182:13-61
	android:configChanges
		ADDED from src\main\AndroidManifest.xml:181:13-74
	android:name
		ADDED from src\main\AndroidManifest.xml:180:13-68
activity#com.cpm.dailyEntry.EditPromotinPepsiActivity
ADDED from src\main\AndroidManifest.xml:184:9-189:77
	android:screenOrientation
		ADDED from src\main\AndroidManifest.xml:188:13-50
	android:label
		ADDED from src\main\AndroidManifest.xml:187:13-61
	android:windowSoftInputMode
		ADDED from src\main\AndroidManifest.xml:189:13-65
	android:configChanges
		ADDED from src\main\AndroidManifest.xml:186:13-74
	android:name
		ADDED from src\main\AndroidManifest.xml:185:13-72
activity#com.cpm.dailyEntry.DailyentryMenuActivity
ADDED from src\main\AndroidManifest.xml:190:9-193:53
	android:screenOrientation
		ADDED from src\main\AndroidManifest.xml:193:13-50
	android:configChanges
		ADDED from src\main\AndroidManifest.xml:192:13-74
	android:name
		ADDED from src\main\AndroidManifest.xml:191:13-69
activity#com.cpm.dailyEntry.FocusSkuActivity
ADDED from src\main\AndroidManifest.xml:194:9-197:53
	android:screenOrientation
		ADDED from src\main\AndroidManifest.xml:197:13-50
	android:configChanges
		ADDED from src\main\AndroidManifest.xml:196:13-74
	android:name
		ADDED from src\main\AndroidManifest.xml:195:13-63
activity#com.cpm.dailyEntry.ShareOfShelfActivity
ADDED from src\main\AndroidManifest.xml:198:9-201:53
	android:screenOrientation
		ADDED from src\main\AndroidManifest.xml:201:13-50
	android:configChanges
		ADDED from src\main\AndroidManifest.xml:200:13-74
	android:name
		ADDED from src\main\AndroidManifest.xml:199:13-67
activity#com.cpm.dailyEntry.AssetsSkuActivity
ADDED from src\main\AndroidManifest.xml:202:9-209:68
	android:screenOrientation
		ADDED from src\main\AndroidManifest.xml:207:13-50
	android:label
		ADDED from src\main\AndroidManifest.xml:206:13-61
	class
		ADDED from src\main\AndroidManifest.xml:204:13-57
	android:windowSoftInputMode
		ADDED from src\main\AndroidManifest.xml:209:13-65
	android:configChanges
		ADDED from src\main\AndroidManifest.xml:205:13-102
	android:theme
		ADDED from src\main\AndroidManifest.xml:208:13-55
	android:name
		ADDED from src\main\AndroidManifest.xml:203:13-64
activity#com.cpm.dailyEntry.ShareOfDisplayActivity
ADDED from src\main\AndroidManifest.xml:210:9-213:53
	android:screenOrientation
		ADDED from src\main\AndroidManifest.xml:213:13-50
	android:configChanges
		ADDED from src\main\AndroidManifest.xml:212:13-74
	android:name
		ADDED from src\main\AndroidManifest.xml:211:13-69
activity#com.cpm.dailyEntry.AssestsActivity
ADDED from src\main\AndroidManifest.xml:214:9-217:53
	android:screenOrientation
		ADDED from src\main\AndroidManifest.xml:217:13-50
	android:configChanges
		ADDED from src\main\AndroidManifest.xml:216:13-74
	android:name
		ADDED from src\main\AndroidManifest.xml:215:13-62
activity#com.cpm.dailyEntry.SkuTabActivity
ADDED from src\main\AndroidManifest.xml:218:9-221:53
	android:screenOrientation
		ADDED from src\main\AndroidManifest.xml:221:13-50
	android:configChanges
		ADDED from src\main\AndroidManifest.xml:220:13-74
	android:name
		ADDED from src\main\AndroidManifest.xml:219:13-61
activity#com.cpm.dailyEntry.SkuList
ADDED from src\main\AndroidManifest.xml:222:9-225:53
	android:screenOrientation
		ADDED from src\main\AndroidManifest.xml:225:13-50
	android:configChanges
		ADDED from src\main\AndroidManifest.xml:224:13-74
	android:name
		ADDED from src\main\AndroidManifest.xml:223:13-54
activity#com.cpm.dailyEntry.NewEntry
ADDED from src\main\AndroidManifest.xml:226:9-229:53
	android:screenOrientation
		ADDED from src\main\AndroidManifest.xml:229:13-50
	android:configChanges
		ADDED from src\main\AndroidManifest.xml:228:13-74
	android:name
		ADDED from src\main\AndroidManifest.xml:227:13-55
activity#com.cpm.dailyEntry.ShareOf_DisplayActivity
ADDED from src\main\AndroidManifest.xml:230:9-233:53
	android:screenOrientation
		ADDED from src\main\AndroidManifest.xml:233:13-50
	android:configChanges
		ADDED from src\main\AndroidManifest.xml:232:13-74
	android:name
		ADDED from src\main\AndroidManifest.xml:231:13-70
activity#com.cpm.dailyEntry.SodPepsiActivity
ADDED from src\main\AndroidManifest.xml:234:9-237:53
	android:screenOrientation
		ADDED from src\main\AndroidManifest.xml:237:13-50
	android:configChanges
		ADDED from src\main\AndroidManifest.xml:236:13-74
	android:name
		ADDED from src\main\AndroidManifest.xml:235:13-63
activity#com.cpm.dailyEntry.ImageSosActivity
ADDED from src\main\AndroidManifest.xml:238:9-241:53
	android:screenOrientation
		ADDED from src\main\AndroidManifest.xml:241:13-50
	android:configChanges
		ADDED from src\main\AndroidManifest.xml:240:13-74
	android:name
		ADDED from src\main\AndroidManifest.xml:239:13-63
activity#com.cpm.dailyEntry.SodPepsiSkuActivity
ADDED from src\main\AndroidManifest.xml:242:9-245:53
	android:screenOrientation
		ADDED from src\main\AndroidManifest.xml:245:13-50
	android:configChanges
		ADDED from src\main\AndroidManifest.xml:244:13-74
	android:name
		ADDED from src\main\AndroidManifest.xml:243:13-66
activity#com.cpm.dailyEntry.SodMasterActivity
ADDED from src\main\AndroidManifest.xml:246:9-249:53
	android:screenOrientation
		ADDED from src\main\AndroidManifest.xml:249:13-50
	android:configChanges
		ADDED from src\main\AndroidManifest.xml:248:13-74
	android:name
		ADDED from src\main\AndroidManifest.xml:247:13-64
activity#com.cpm.dailyEntry.SodTempPepsiActivity
ADDED from src\main\AndroidManifest.xml:250:9-253:53
	android:screenOrientation
		ADDED from src\main\AndroidManifest.xml:253:13-50
	android:configChanges
		ADDED from src\main\AndroidManifest.xml:252:13-74
	android:name
		ADDED from src\main\AndroidManifest.xml:251:13-67
activity#com.cpm.dailyEntry.PosmExecutionActivity
ADDED from src\main\AndroidManifest.xml:254:9-257:53
	android:screenOrientation
		ADDED from src\main\AndroidManifest.xml:257:13-50
	android:configChanges
		ADDED from src\main\AndroidManifest.xml:256:13-74
	android:name
		ADDED from src\main\AndroidManifest.xml:255:13-68
activity#com.cpm.download.CompleteDownloadActivity
ADDED from src\main\AndroidManifest.xml:258:9-261:53
	android:screenOrientation
		ADDED from src\main\AndroidManifest.xml:261:13-50
	android:configChanges
		ADDED from src\main\AndroidManifest.xml:260:13-74
	android:name
		ADDED from src\main\AndroidManifest.xml:259:13-69
activity#com.cpm.upload.UploadOptionActivity
ADDED from src\main\AndroidManifest.xml:262:9-265:53
	android:screenOrientation
		ADDED from src\main\AndroidManifest.xml:265:13-50
	android:configChanges
		ADDED from src\main\AndroidManifest.xml:264:13-74
	android:name
		ADDED from src\main\AndroidManifest.xml:263:13-63
activity#com.cpm.upload.UploadDataActivity
ADDED from src\main\AndroidManifest.xml:266:9-269:53
	android:screenOrientation
		ADDED from src\main\AndroidManifest.xml:269:13-50
	android:configChanges
		ADDED from src\main\AndroidManifest.xml:268:13-74
	android:name
		ADDED from src\main\AndroidManifest.xml:267:13-61
activity#com.cpm.upload.UploadImageActivity
ADDED from src\main\AndroidManifest.xml:270:9-273:53
	android:screenOrientation
		ADDED from src\main\AndroidManifest.xml:273:13-50
	android:configChanges
		ADDED from src\main\AndroidManifest.xml:272:13-74
	android:name
		ADDED from src\main\AndroidManifest.xml:271:13-62
activity#com.cpm.upload.UploadAllDataActivity
ADDED from src\main\AndroidManifest.xml:274:9-277:53
	android:screenOrientation
		ADDED from src\main\AndroidManifest.xml:277:13-50
	android:configChanges
		ADDED from src\main\AndroidManifest.xml:276:13-74
	android:name
		ADDED from src\main\AndroidManifest.xml:275:13-64
activity#com.cpm.upload.UploadAllImageActivity
ADDED from src\main\AndroidManifest.xml:278:9-281:53
	android:screenOrientation
		ADDED from src\main\AndroidManifest.xml:281:13-50
	android:configChanges
		ADDED from src\main\AndroidManifest.xml:280:13-74
	android:name
		ADDED from src\main\AndroidManifest.xml:279:13-65
activity#com.cpm.autoupdate.AutoupdateActivity
ADDED from src\main\AndroidManifest.xml:282:9-285:53
	android:screenOrientation
		ADDED from src\main\AndroidManifest.xml:285:13-50
	android:configChanges
		ADDED from src\main\AndroidManifest.xml:284:13-74
	android:name
		ADDED from src\main\AndroidManifest.xml:283:13-65
activity#com.cpm.web.ShowUpdateActivity
ADDED from src\main\AndroidManifest.xml:286:9-289:53
	android:screenOrientation
		ADDED from src\main\AndroidManifest.xml:289:13-50
	android:configChanges
		ADDED from src\main\AndroidManifest.xml:288:13-74
	android:name
		ADDED from src\main\AndroidManifest.xml:287:13-58
activity#com.cpm.geotagging.GeoTagging
ADDED from src\main\AndroidManifest.xml:290:9-293:53
	android:screenOrientation
		ADDED from src\main\AndroidManifest.xml:293:13-50
	android:configChanges
		ADDED from src\main\AndroidManifest.xml:292:13-74
	android:name
		ADDED from src\main\AndroidManifest.xml:291:13-57
activity#com.cpm.dailyEntry.ooseVerticalFood
ADDED from src\main\AndroidManifest.xml:294:9-297:53
	android:screenOrientation
		ADDED from src\main\AndroidManifest.xml:297:13-50
	android:configChanges
		ADDED from src\main\AndroidManifest.xml:296:13-74
	android:name
		ADDED from src\main\AndroidManifest.xml:295:13-63
activity#com.cpm.dailyEntry.ooseVerticalbevrages
ADDED from src\main\AndroidManifest.xml:298:9-301:53
	android:screenOrientation
		ADDED from src\main\AndroidManifest.xml:301:13-50
	android:configChanges
		ADDED from src\main\AndroidManifest.xml:300:13-74
	android:name
		ADDED from src\main\AndroidManifest.xml:299:13-67
activity#com.cpm.dailyEntry.oopseTabhost
ADDED from src\main\AndroidManifest.xml:302:9-305:53
	android:screenOrientation
		ADDED from src\main\AndroidManifest.xml:305:13-50
	android:configChanges
		ADDED from src\main\AndroidManifest.xml:304:13-74
	android:name
		ADDED from src\main\AndroidManifest.xml:303:13-59
activity#com.cpm.geotagging.LocationActivity
ADDED from src\main\AndroidManifest.xml:306:9-309:52
	android:screenOrientation
		ADDED from src\main\AndroidManifest.xml:309:13-49
	android:configChanges
		ADDED from src\main\AndroidManifest.xml:308:13-74
	android:name
		ADDED from src\main\AndroidManifest.xml:307:13-63
service#com.cpm.parinaampepsico.GetService
ADDED from src\main\AndroidManifest.xml:311:9-78
	android:name
		ADDED from src\main\AndroidManifest.xml:311:18-67
service#com.cpm.upload.StoreStatusUploadService
ADDED from src\main\AndroidManifest.xml:312:9-83
	android:name
		ADDED from src\main\AndroidManifest.xml:312:18-72
uses-library#com.google.android.maps
ADDED from src\main\AndroidManifest.xml:314:9-64
	android:name
		ADDED from src\main\AndroidManifest.xml:314:23-61
meta-data#com.google.android.geo.API_KEY
ADDED from src\main\AndroidManifest.xml:323:9-325:55
	android:value
		ADDED from src\main\AndroidManifest.xml:325:13-52
	android:name
		ADDED from src\main\AndroidManifest.xml:324:13-58
activity#com.cpm.geotagging.GeoTagActivity
ADDED from src\main\AndroidManifest.xml:327:9-331:61
	android:screenOrientation
		ADDED from src\main\AndroidManifest.xml:331:13-49
	android:label
		ADDED from src\main\AndroidManifest.xml:329:13-59
	android:theme
		ADDED from src\main\AndroidManifest.xml:330:13-50
	android:name
		ADDED from src\main\AndroidManifest.xml:328:13-61
uses-feature#0x00020000
ADDED from [com.google.android.gms:play-services-maps:9.8.0] AndroidManifest.xml:21:5-77
	android:glEsVersion
		ADDED from [com.google.android.gms:play-services-maps:9.8.0] AndroidManifest.xml:21:19-51
	android:required
		ADDED from [com.google.android.gms:play-services-maps:9.8.0] AndroidManifest.xml:21:52-75
activity#com.google.android.gms.common.api.GoogleApiActivity
ADDED from [com.google.android.gms:play-services-base:9.8.0] AndroidManifest.xml:19:9-172
	android:exported
		ADDED from [com.google.android.gms:play-services-base:9.8.0] AndroidManifest.xml:19:146-170
	android:theme
		ADDED from [com.google.android.gms:play-services-base:9.8.0] AndroidManifest.xml:19:86-145
	android:name
		ADDED from [com.google.android.gms:play-services-base:9.8.0] AndroidManifest.xml:19:19-85
provider#com.google.firebase.provider.FirebaseInitProvider
ADDED from [com.google.firebase:firebase-common:9.8.0] AndroidManifest.xml:6:9-175
	android:authorities
		ADDED from [com.google.firebase:firebase-common:9.8.0] AndroidManifest.xml:6:19-78
	android:exported
		ADDED from [com.google.firebase:firebase-common:9.8.0] AndroidManifest.xml:6:125-149
	android:initOrder
		ADDED from [com.google.firebase:firebase-common:9.8.0] AndroidManifest.xml:6:150-173
	android:name
		ADDED from [com.google.firebase:firebase-common:9.8.0] AndroidManifest.xml:6:79-124
meta-data#com.google.android.gms.version
ADDED from [com.google.android.gms:play-services-basement:9.8.0] AndroidManifest.xml:20:9-121
	android:value
		ADDED from [com.google.android.gms:play-services-basement:9.8.0] AndroidManifest.xml:20:66-119
	android:name